Línea 326: la clase MskFecha.fecha del control FechaD no era una clase de control cargada.
Línea 379: la clase MskFecha.fecha del control FechaH no era una clase de control cargada.
Línea 470: la clase MskFecha.fecha del control fecha1 no era una clase de control cargada.
Línea 332: el nombre de la propiedad _ExtentX de FechaD no es válido.
Línea 333: el nombre de la propiedad _ExtentY de FechaD no es válido.
Línea 334: el nombre de la propiedad Text de FechaD no es válido.
Línea 385: el nombre de la propiedad _ExtentX de FechaH no es válido.
Línea 386: el nombre de la propiedad _ExtentY de FechaH no es válido.
Línea 387: el nombre de la propiedad Text de FechaH no es válido.
Línea 476: el nombre de la propiedad _ExtentX de fecha1 no es válido.
Línea 477: el nombre de la propiedad _ExtentY de fecha1 no es válido.
Línea 478: el nombre de la propiedad Text de fecha1 no es válido.
Línea 332: el nombre de la propiedad _ExtentX de FechaD no es válido.
Línea 333: el nombre de la propiedad _ExtentY de FechaD no es válido.
Línea 334: el nombre de la propiedad Text de FechaD no es válido.
Línea 385: el nombre de la propiedad _ExtentX de FechaH no es válido.
Línea 386: el nombre de la propiedad _ExtentY de FechaH no es válido.
Línea 387: el nombre de la propiedad Text de FechaH no es válido.
Línea 476: el nombre de la propiedad _ExtentX de fecha1 no es válido.
Línea 477: el nombre de la propiedad _ExtentY de fecha1 no es válido.
Línea 478: el nombre de la propiedad Text de fecha1 no es válido.
